#
# There is insufficient memory for the Java Runtime Environment to continue.
# Native memory allocation (mmap) failed to map 65011712 bytes. Error detail: G1 virtual space
# Possible reasons:
#   The system is out of physical RAM or swap space
#   This process is running with CompressedOops enabled, and the Java Heap may be blocking the growth of the native heap
# Possible solutions:
#   Reduce memory load on the system
#   Increase physical memory or swap space
#   Check if swap backing store is full
#   Decrease Java heap size (-Xmx/-Xms)
#   Decrease number of Java threads
#   Decrease Java thread stack sizes (-Xss)
#   Set larger code cache with -XX:ReservedCodeCacheSize=
#   JVM is running with Unscaled Compressed Oops mode in which the Java heap is
#     placed in the first 4GB address space. The Java Heap base address is the
#     maximum limit for the native heap growth. Please use -XX:HeapBaseMinAddress
#     to set the Java Heap base and to place the Java Heap above 4GB virtual address.
# This output file may be truncated or incomplete.
#
#  Out of Memory Error (os_windows.cpp:3707), pid=20152, tid=7144
#
# JRE version:  (23.0.2+7) (build )
# Java VM: Java HotSpot(TM) 64-Bit Server VM (23.0.2+7-58, mixed mode, sharing, tiered, compressed oops, compressed class ptrs, g1 gc, windows-amd64)
# No core dump will be written. Minidumps are not enabled by default on client versions of Windows
#

---------------  S U M M A R Y ------------

Command Line: -XX:+ShowCodeDetailsInExceptionMessages Arrays

Host: Intel(R) Celeron(R) N4020 CPU @ 1.10GHz, 2 cores, 3G,  Windows 11 , 64 bit Build 22621 (10.0.22621.5415)
Time: Wed Jun 18 19:55:12 2025 South Africa Standard Time elapsed time: 0.207725 seconds (0d 0h 0m 0s)

---------------  T H R E A D  ---------------

Current thread (0x000002ce7d2fdb20):  JavaThread "Unknown thread" [_thread_in_vm, id=7144, stack(0x000000e95b600000,0x000000e95b700000) (1024K)]

Stack: [0x000000e95b600000,0x000000e95b700000]
Native frames: (J=compiled Java code, j=interpreted, Vv=VM code, C=native code)
V  [jvm.dll+0x6e0b99]  (no source info available)
V  [jvm.dll+0x87e2b3]  (no source info available)
V  [jvm.dll+0x88073e]  (no source info available)
V  [jvm.dll+0x880e13]  (no source info available)
V  [jvm.dll+0x27b006]  (no source info available)
V  [jvm.dll+0x6dd485]  (no source info available)
V  [jvm.dll+0x6d127a]  (no source info available)
V  [jvm.dll+0x35b50a]  (no source info available)
V  [jvm.dll+0x363916]  (no source info available)
V  [jvm.dll+0x34fe7e]  (no source info available)
V  [jvm.dll+0x350118]  (no source info available)
V  [jvm.dll+0x328aec]  (no source info available)
V  [jvm.dll+0x32978e]  (no source info available)
V  [jvm.dll+0x8449a5]  (no source info available)
V  [jvm.dll+0x3b9a08]  (no source info available)
V  [jvm.dll+0x82d68c]  (no source info available)
V  [jvm.dll+0x454f2e]  (no source info available)
V  [jvm.dll+0x456db1]  (no source info available)
C  [jli.dll+0x52a3]  (no source info available)
C  [ucrtbase.dll+0x29333]  (no source info available)
C  [KERNEL32.DLL+0x1259d]  (no source info available)
C  [ntdll.dll+0x5af78]  (no source info available)

Lock stack of current Java thread (top to bottom):


---------------  P R O C E S S  ---------------

Threads class SMR info:
_java_thread_list=0x00007ffddd024618, length=0, elements={
}

Java Threads: ( => current thread )
Total: 0

Other Threads:
  0x000002ce7f4eed30 WorkerThread "GC Thread#0"                     [id=19488, stack(0x000000e95b700000,0x000000e95b800000) (1024K)]
  0x000002ce7f4fa6b0 ConcurrentGCThread "G1 Main Marker"            [id=14284, stack(0x000000e95b800000,0x000000e95b900000) (1024K)]
  0x000002ce7f4fc380 WorkerThread "G1 Conc#0"                       [id=19448, stack(0x000000e95b900000,0x000000e95ba00000) (1024K)]

[error occurred during error reporting (printing all threads), id 0xc0000005, EXCEPTION_ACCESS_VIOLATION (0xc0000005) at pc=0x00007ffddc76c0da]
VM state: not at safepoint (not fully initialized)

VM Mutex/Monitor currently owned by a thread:  ([mutex/lock_event])
[0x00007ffddd0a4988] Heap_lock - owner thread: 0x000002ce7d2fdb20

Heap address: 0x00000000c2c00000, size: 980 MB, Compressed Oops mode: 32-bit

CDS archive(s) mapped at: [0x0000000000000000-0x0000000000000000-0x0000000000000000), size 0, SharedBaseAddress: 0x0000000800000000, ArchiveRelocationMode: 1.
Narrow klass base: 0x0000000000000000, Narrow klass shift: 0, Narrow klass range: 0x0

GC Precious Log:
 CardTable entry size: 512
 Card Set container configuration: InlinePtr #cards 5 size 8 Array Of Cards #cards 10 size 36 Howl #buckets 4 coarsen threshold 1843 Howl Bitmap #cards 512 size 80 coarsen threshold 460 Card regions per heap region 1 cards per card region 2048

Heap:
 garbage-first heap   total reserved 1003520K, committed 0K, used 0K [0x00000000c2c00000, 0x0000000100000000)
  region size 1024K, 0 young (0K), 0 survivors (0K)

[error occurred during error reporting (printing heap information), id 0xc0000005, EXCEPTION_ACCESS_VIOLATION (0xc0000005) at pc=0x00007ffddcb6c6a9]
GC Heap History (0 events):
No events

Dll operation events (1 events):
Event: 0.036 Loaded shared library C:\Program Files\Java\jdk-23\bin\java.dll

Deoptimization events (0 events):
No events

Classes loaded (0 events):
No events

Classes unloaded (0 events):
No events

Classes redefined (0 events):
No events

Internal exceptions (0 events):
No events

VM Operations (0 events):
No events

Memory protections (0 events):
No events

Nmethod flushes (0 events):
No events

Events (0 events):
No events


Dynamic libraries:
0x00007ff764e90000 - 0x00007ff764ea0000 	C:\Program Files\Java\jdk-23\bin\java.exe
0x00007ffe6f6b0000 - 0x00007ffe6f8c7000 	C:\WINDOWS\SYSTEM32\ntdll.dll
0x00007ffe6ef40000 - 0x00007ffe6f004000 	C:\WINDOWS\System32\KERNEL32.DLL
0x00007ffe6cdf0000 - 0x00007ffe6d1c2000 	C:\WINDOWS\System32\KERNELBASE.dll
0x00007ffe6cac0000 - 0x00007ffe6cbd1000 	C:\WINDOWS\System32\ucrtbase.dll
0x00007ffe335e0000 - 0x00007ffe335f7000 	C:\Program Files\Java\jdk-23\bin\jli.dll
0x00007ffe6d3d0000 - 0x00007ffe6d581000 	C:\WINDOWS\System32\USER32.dll
0x00007ffe6cdc0000 - 0x00007ffe6cde6000 	C:\WINDOWS\System32\win32u.dll
0x00007ffe6f640000 - 0x00007ffe6f669000 	C:\WINDOWS\System32\GDI32.dll
0x00007ffe6c8e0000 - 0x00007ffe6ca03000 	C:\WINDOWS\System32\gdi32full.dll
0x00007ffe6cbe0000 - 0x00007ffe6cc7a000 	C:\WINDOWS\System32\msvcp_win.dll
0x00007ffe28e40000 - 0x00007ffe28e5b000 	C:\Program Files\Java\jdk-23\bin\VCRUNTIME140.dll
0x00007ffe53c20000 - 0x00007ffe53ebb000 	C:\WINDOWS\WinSxS\amd64_microsoft.windows.common-controls_6595b64144ccf1df_6.0.22621.5415_none_270d77d17387d7da\COMCTL32.dll
0x00007ffe6e9a0000 - 0x00007ffe6ea47000 	C:\WINDOWS\System32\msvcrt.dll
0x00007ffe6e460000 - 0x00007ffe6e491000 	C:\WINDOWS\System32\IMM32.DLL
0x00007ffe401c0000 - 0x00007ffe401cc000 	C:\Program Files\Java\jdk-23\bin\vcruntime140_1.dll
0x00007ffe21050000 - 0x00007ffe210de000 	C:\Program Files\Java\jdk-23\bin\msvcp140.dll
0x00007ffddc430000 - 0x00007ffddd180000 	C:\Program Files\Java\jdk-23\bin\server\jvm.dll
0x00007ffe6f290000 - 0x00007ffe6f341000 	C:\WINDOWS\System32\ADVAPI32.dll
0x00007ffe6f460000 - 0x00007ffe6f508000 	C:\WINDOWS\System32\sechost.dll
0x00007ffe6ca10000 - 0x00007ffe6ca38000 	C:\WINDOWS\System32\bcrypt.dll
0x00007ffe6f520000 - 0x00007ffe6f634000 	C:\WINDOWS\System32\RPCRT4.dll
0x00007ffe6ee00000 - 0x00007ffe6ee71000 	C:\WINDOWS\System32\WS2_32.dll
0x00007ffe6c5c0000 - 0x00007ffe6c60d000 	C:\WINDOWS\SYSTEM32\POWRPROF.dll
0x00007ffe66c70000 - 0x00007ffe66ca4000 	C:\WINDOWS\SYSTEM32\WINMM.dll
0x00007ffe62c20000 - 0x00007ffe62c2a000 	C:\WINDOWS\SYSTEM32\VERSION.dll
0x00007ffe6c4a0000 - 0x00007ffe6c4b3000 	C:\WINDOWS\SYSTEM32\UMPDC.dll
0x00007ffe6b750000 - 0x00007ffe6b768000 	C:\WINDOWS\SYSTEM32\kernel.appcore.dll
0x00007ffe3df60000 - 0x00007ffe3df6a000 	C:\Program Files\Java\jdk-23\bin\jimage.dll
0x00007ffe64570000 - 0x00007ffe647a3000 	C:\WINDOWS\SYSTEM32\DBGHELP.DLL
0x00007ffe6ea60000 - 0x00007ffe6edf3000 	C:\WINDOWS\System32\combase.dll
0x00007ffe6d590000 - 0x00007ffe6d667000 	C:\WINDOWS\System32\OLEAUT32.dll
0x00007ffe64530000 - 0x00007ffe64562000 	C:\WINDOWS\SYSTEM32\dbgcore.DLL
0x00007ffe6ca40000 - 0x00007ffe6cabb000 	C:\WINDOWS\System32\bcryptPrimitives.dll
0x00007ffe28a60000 - 0x00007ffe28a7e000 	C:\Program Files\Java\jdk-23\bin\java.dll
0x00007ffe6f0e0000 - 0x00007ffe6f280000 	C:\WINDOWS\System32\ole32.dll
0x00007ffe6dbb0000 - 0x00007ffe6e452000 	C:\WINDOWS\System32\SHELL32.dll
0x00007ffe6cc80000 - 0x00007ffe6cdbf000 	C:\WINDOWS\System32\wintypes.dll

dbghelp: loaded successfully - version: 4.0.5 - missing functions: none
symbol engine: initialized successfully - sym options: 0x614 - pdb path: .;C:\Program Files\Java\jdk-23\bin;C:\WINDOWS\SYSTEM32;C:\WINDOWS\WinSxS\amd64_microsoft.windows.common-controls_6595b64144ccf1df_6.0.22621.5415_none_270d77d17387d7da;C:\Program Files\Java\jdk-23\bin\server

VM Arguments:
jvm_args: -XX:+ShowCodeDetailsInExceptionMessages 
java_command: Arrays
java_class_path (initial): C:\Users\letha\AppData\Roaming\Code\User\workspaceStorage\7db56f80e13b11a2372fcccd7296389e\redhat.java\jdt_ws\JavaPractice_f7e1e6ea\bin
Launcher Type: SUN_STANDARD

[Global flags]
     intx CICompilerCount                          = 2                                         {product} {ergonomic}
     uint ConcGCThreads                            = 1                                         {product} {ergonomic}
     uint G1ConcRefinementThreads                  = 2                                         {product} {ergonomic}
   size_t G1HeapRegionSize                         = 1048576                                   {product} {ergonomic}
   size_t InitialHeapSize                          = 65011712                                  {product} {ergonomic}
   size_t MarkStackSize                            = 4194304                                   {product} {ergonomic}
   size_t MarkStackSizeMax                         = 536870912                                 {product} {ergonomic}
   size_t MaxHeapSize                              = 1027604480                                {product} {ergonomic}
   size_t MinHeapDeltaBytes                        = 1048576                                   {product} {ergonomic}
   size_t MinHeapSize                              = 8388608                                   {product} {ergonomic}
    uintx NonNMethodCodeHeapSize                   = 5767168                                {pd product} {ergonomic}
    uintx NonProfiledCodeHeapSize                  = 123011072                              {pd product} {ergonomic}
    uintx ProfiledCodeHeapSize                     = 122880000                              {pd product} {ergonomic}
    uintx ReservedCodeCacheSize                    = 251658240                              {pd product} {ergonomic}
     bool SegmentedCodeCache                       = true                                      {product} {ergonomic}
     bool ShowCodeDetailsInExceptionMessages       = true                                   {manageable} {command line}
   size_t SoftMaxHeapSize                          = 1027604480                             {manageable} {ergonomic}
     bool UseCompressedOops                        = true                           {product lp64_product} {ergonomic}
     bool UseG1GC                                  = true                                      {product} {ergonomic}
     bool UseLargePagesIndividualAllocation        = false                                  {pd product} {ergonomic}

Logging:
Log output configuration:
 #0: stdout all=warning uptime,level,tags foldmultilines=false
 #1: stderr all=off uptime,level,tags foldmultilines=false

Environment Variables:
PATH=C:\Program Files\Common Files\Oracle\Java\javapath;C:\Program Files (x86)\Common Files\Oracle\Java\java8path;C:\Program Files (x86)\Common Files\Oracle\Java\javapath;C:\ffmpeg\bin;C:\WINDOWS\system32;C:\WINDOWS;C:\WINDOWS\System32\Wbem;C:\WINDOWS\System32\WindowsPowerShell\v1.0\;C:\WINDOWS\System32\OpenSSH\;C:\Program Files\Microsoft VS Code\bin;C:\Users\letha\AppData\Local\Microsoft\WindowsApps;C:\Users\letha\PyCharm 2022.1.3\bin;C:\Users\letha\AppData\Roaming\npm;C:\Users\letha\AppData\Local\GitHubDesktop\bin;C:\Program Files (x86)\QuickTime\QTSystem\;C:\Program Files\Git\cmd;C:\Users\letha\AppData\Local\Microsoft\WindowsApps;C:\Users\letha\PyCharm 2022.1.3\bin;
USERNAME=letha
LANG=en_US.UTF-8
OS=Windows_NT
PROCESSOR_IDENTIFIER=Intel64 Family 6 Model 122 Stepping 8, GenuineIntel
TMP=C:\Users\letha\AppData\Local\Temp
TEMP=C:\Users\letha\AppData\Local\Temp




Periodic native trim disabled

---------------  S Y S T E M  ---------------

OS:
 Windows 11 , 64 bit Build 22621 (10.0.22621.5415)
OS uptime: 4 days 14:14 hours
Hyper-V role detected

CPU: total 2 (initial active 2) (2 cores per cpu, 1 threads per core) family 6 model 122 stepping 8 microcode 0x18, cx8, cmov, fxsr, mmx, 3dnowpref, sse, sse2, sse3, ssse3, sse4.1, sse4.2, popcnt, tsc, tscinvbit, aes, erms, clmul, sha, clflush, clflushopt, hv, rdtscp, rdpid
Processor Information for the first 2 processors :
  Max Mhz: 1101, Current Mhz: 1101, Mhz Limit: 1101

Memory: 4k page, system-wide physical 3914M (239M free)
TotalPageFile size 9984M (AvailPageFile size 1M)
current process WorkingSet (physical memory assigned to process): 12M, peak: 12M
current process commit charge ("private bytes"): 48M, peak: 109M

vm_info: Java HotSpot(TM) 64-Bit Server VM (23.0.2+7-58) for windows-amd64 JRE (23.0.2+7-58), built on 2024-11-29T09:34:55Z with MS VC++ 17.6 (VS2022)

END.
